<?xml version="1.0" encoding="UTF-8"?>
<testng-results ignored="0" total="1" passed="1" failed="0" skipped="0">
  <reporter-output>
  </reporter-output>
  <suite started-at="2019-09-20T16:53:16 CEST" name="TestMaven" finished-at="2019-09-20T16:53:23 CEST" duration-ms="7372">
    <groups>
    </groups>
    <test started-at="2019-09-20T16:53:16 CEST" name="Command line test" finished-at="2019-09-20T16:53:23 CEST" duration-ms="7372">
      <class name="TestMaven">
        <test-method signature="sayHello()[pri:0, instance:TestMaven@481a996b]" started-at="2019-09-20T16:53:16 CEST" name="sayHello" finished-at="2019-09-20T16:53:23 CEST" duration-ms="7311" status="PASS">
          <reporter-output>
          </reporter-output>
        </test-method> <!-- sayHello -->
      </class> <!-- TestMaven -->
    </test> <!-- Command line test -->
  </suite> <!-- TestMaven -->
</testng-results>
